<?xml version="1.0" encoding="UTF-8"?>
<!-- Generated by org.testng.reporters.JUnitReportReporter -->
<testsuite hostname="Dinesh" failures="0" tests="4" name="day1.Orangehrm" time="17.245" errors="0" timestamp="2024-02-08T11:33:28 IST" skipped="0">
  <testcase classname="day1.Orangehrm" name="openApp" time="11.340"/>
  <system-out/>
  <testcase classname="day1.Orangehrm" name="logIn" time="4.555"/>
  <system-out/>
  <testcase classname="day1.Orangehrm" name="logOut" time="1.095"/>
  <system-out/>
  <testcase classname="day1.Orangehrm" name="close" time="0.255"/>
  <system-out/>
</testsuite> <!-- day1.Orangehrm -->
