<?xml version="1.0" encoding="UTF-8"?>
<!-- Generated by org.testng.reporters.JUnitReportReporter -->
<testsuite hostname="Dinesh" failures="0" tests="2" name="day7.CyclosTask" time="18.291" errors="0" timestamp="2024-02-26T11:11:41 IST" skipped="0">
  <testcase classname="day7.CyclosTask" name="login" time="7.474"/>
  <system-out/>
  <testcase classname="day7.CyclosTask" name="login" time="10.817"/>
  <system-out/>
</testsuite> <!-- day7.CyclosTask -->
