<?xml version="1.0" encoding="UTF-8"?>
<!-- Generated by org.testng.reporters.JUnitReportReporter -->
<testsuite hostname="Dinesh" failures="0" tests="1" name="day8.Read_Excel" time="1.009" errors="0" timestamp="2024-02-28T16:25:19 IST" skipped="0">
  <testcase classname="day8.Read_Excel" name="excelread" time="1.009"/>
  <system-out/>
</testsuite> <!-- day8.Read_Excel -->
