<?xml version="1.0" encoding="UTF-8"?>
<!-- Generated by org.testng.reporters.JUnitReportReporter -->
<testsuite hostname="Dinesh" failures="0" tests="1" name="day4.Task_Amazon" time="4.342" errors="0" timestamp="2024-02-16T10:54:47 IST" skipped="0">
  <testcase classname="day4.Task_Amazon" name="launch" time="4.342"/>
  <system-out/>
</testsuite> <!-- day4.Task_Amazon -->
