<?xml version="1.0" encoding="UTF-8"?>
<!-- Generated by org.testng.reporters.JUnitReportReporter -->
<testsuite hostname="Dinesh" failures="0" tests="1" name="day5.GroupingTestng" time="0.007" errors="0" timestamp="2024-02-19T15:20:40 IST" skipped="0">
  <testcase classname="day5.GroupingTestng" name="launch" time="0.007"/>
  <system-out/>
</testsuite> <!-- day5.GroupingTestng -->
