<?xml version="1.0" encoding="UTF-8"?>
<!-- Generated by org.testng.reporters.JUnitReportReporter -->
<testsuite hostname="Dinesh" failures="0" tests="2" name="scenario1.Scenario2" time="0.007" errors="0" timestamp="2024-02-15T15:00:32 IST" skipped="0">
  <testcase classname="scenario1.Scenario2" name="search" time="0.006"/>
  <system-out/>
  <testcase classname="scenario1.Scenario2" name="addproduct" time="0.001"/>
  <system-out/>
</testsuite> <!-- scenario1.Scenario2 -->
