<?xml version="1.0" encoding="UTF-8"?>
<!-- Generated by org.testng.reporters.JUnitReportReporter -->
<testsuite hostname="Dinesh" failures="0" tests="1" name="day5.Task_Grouping" time="8.945" errors="0" timestamp="2024-02-20T15:05:06 IST" skipped="0">
  <testcase classname="day5.Task_Grouping" name="smokegroup" time="8.945"/>
  <system-out/>
</testsuite> <!-- day5.Task_Grouping -->
