<?xml version="1.0" encoding="UTF-8"?>
<!-- Generated by org.testng.reporters.JUnitReportReporter -->
<testsuite hostname="Dinesh" failures="0" tests="2" name="day6.Dataprovider" time="23.684" errors="0" timestamp="2024-02-21T11:32:26 IST" skipped="0">
  <testcase classname="day6.Dataprovider" name="login" time="10.926"/>
  <system-out/>
  <testcase classname="day6.Dataprovider" name="login" time="12.758"/>
  <system-out/>
</testsuite> <!-- day6.Dataprovider -->
