<?xml version="1.0" encoding="UTF-8"?>
<!-- Generated by org.testng.reporters.JUnitReportReporter -->
<testsuite hostname="Dinesh" failures="0" tests="2" name="day3.Class2" time="0.005" errors="0" timestamp="2024-02-15T15:19:34 IST" skipped="0">
  <testcase classname="day3.Class2" name="search" time="0.005"/>
  <system-out/>
  <testcase classname="day3.Class2" name="addproduct" time="0.000"/>
  <system-out/>
</testsuite> <!-- day3.Class2 -->
