<?xml version="1.0" encoding="UTF-8"?>
<!-- Generated by org.testng.reporters.JUnitReportReporter -->
<testsuite hostname="Dinesh" failures="0" tests="16" name="day6.SaucedemoTask" time="7.338" errors="0" timestamp="2024-02-22T11:22:34 IST" skipped="0">
  <testcase classname="day6.SaucedemoTask" name="launch" time="1.783"/>
  <system-out/>
  <testcase classname="day6.SaucedemoTask" name="launch" time="1.458"/>
  <system-out/>
  <testcase classname="day6.SaucedemoTask" name="login" time="0.750"/>
  <system-out/>
  <testcase classname="day6.SaucedemoTask" name="login" time="0.909"/>
  <system-out/>
  <testcase classname="day6.SaucedemoTask" name="selectPriceLowToHigh" time="0.381"/>
  <system-out/>
  <testcase classname="day6.SaucedemoTask" name="selectPriceLowToHigh" time="0.360"/>
  <system-out/>
  <testcase classname="day6.SaucedemoTask" name="addProductToCart" time="0.090"/>
  <system-out/>
  <testcase classname="day6.SaucedemoTask" name="addProductToCart" time="0.092"/>
  <system-out/>
  <testcase classname="day6.SaucedemoTask" name="goToShoppingCart" time="0.100"/>
  <system-out/>
  <testcase classname="day6.SaucedemoTask" name="goToShoppingCart" time="0.108"/>
  <system-out/>
  <testcase classname="day6.SaucedemoTask" name="continueCheckout" time="0.079"/>
  <system-out/>
  <testcase classname="day6.SaucedemoTask" name="continueCheckout" time="0.081"/>
  <system-out/>
  <testcase classname="day6.SaucedemoTask" name="enterInformationAndContinue" time="0.472"/>
  <system-out/>
  <testcase classname="day6.SaucedemoTask" name="enterInformationAndContinue" time="0.485"/>
  <system-out/>
  <testcase classname="day6.SaucedemoTask" name="clickOnFinish" time="0.085"/>
  <system-out/>
  <testcase classname="day6.SaucedemoTask" name="clickOnFinish" time="0.105"/>
  <system-out/>
</testsuite> <!-- day6.SaucedemoTask -->
