<?xml version="1.0" encoding="UTF-8"?>
<!-- Generated by org.testng.reporters.JUnitReportReporter -->
<testsuite hostname="Dinesh" failures="0" tests="2" name="scenario1.Scenario1" time="0.011" errors="0" timestamp="2024-02-15T14:57:07 IST" skipped="0">
  <testcase classname="scenario1.Scenario1" name="search" time="0.005"/>
  <system-out/>
  <testcase classname="scenario1.Scenario1" name="addProduct" time="0.006"/>
  <system-out/>
</testsuite> <!-- scenario1.Scenario1 -->
