<?xml version="1.0" encoding="UTF-8"?>
<!-- Generated by org.testng.reporters.JUnitReportReporter -->
<testsuite hostname="Dinesh" failures="0" tests="1" name="day4.Assert_NopCommers" time="13.179" errors="0" timestamp="2024-02-15T16:38:22 IST" skipped="0">
  <testcase classname="day4.Assert_NopCommers" name="login" time="13.179"/>
  <system-out/>
</testsuite> <!-- day4.Assert_NopCommers -->
