<?xml version="1.0" encoding="UTF-8"?>
<!-- Generated by org.testng.reporters.JUnitReportReporter -->
<testsuite hostname="Dinesh" failures="0" tests="1" name="day9.TestCase" time="7.227" errors="0" timestamp="2024-02-28T16:26:38 IST" skipped="0">
  <testcase classname="day9.TestCase" name="login" time="7.227"/>
  <system-out/>
</testsuite> <!-- day9.TestCase -->
