<?xml version="1.0" encoding="UTF-8"?>
<!-- Generated by org.testng.reporters.JUnitReportReporter -->
<testsuite hostname="Dinesh" failures="0" tests="2" name="day5.GroupingTest" time="9.053" errors="0" timestamp="2024-02-19T15:22:55 IST" skipped="0">
  <testcase classname="day5.GroupingTest" name="oragehrm" time="4.435"/>
  <system-out/>
  <testcase classname="day5.GroupingTest" name="flipkart" time="4.618"/>
  <system-out/>
</testsuite> <!-- day5.GroupingTest -->
