<?xml version="1.0" encoding="UTF-8"?>
<!-- Generated by org.testng.reporters.JUnitReportReporter -->
<testsuite hostname="Dinesh" failures="0" tests="1" name="day9.WriteExcel" time="1.146" errors="0" timestamp="2024-02-28T15:53:30 IST" skipped="0">
  <testcase classname="day9.WriteExcel" name="excelwrite" time="1.146"/>
  <system-out/>
</testsuite> <!-- day9.WriteExcel -->
